::1 - - [27/Oct/2021:01:37:00 +0000] "POST /api/v1/login HTTP/1.1" 200 288 "-" "PostmanRuntime/7.28.4"
::1 - - [27/Oct/2021:01:37:16 +0000] "PATCH /api/v1/users/617371e212e69e062411da57 HTTP/1.1" 403 56 "-" "PostmanRuntime/7.28.4"
::1 - - [27/Oct/2021:09:43:24 +0000] "PATCH /api/v1/profile HTTP/1.1" 403 56 "-" "PostmanRuntime/7.28.4"
::1 - - [27/Oct/2021:09:44:44 +0000] "PATCH /api/v1/profile HTTP/1.1" 403 56 "-" "PostmanRuntime/7.28.4"
::1 - - [27/Oct/2021:09:46:41 +0000] "PATCH /api/v1/profile HTTP/1.1" 422 201 "-" "PostmanRuntime/7.28.4"
::1 - - [27/Oct/2021:09:47:59 +0000] "PATCH /api/v1/profile HTTP/1.1" 500 68 "-" "PostmanRuntime/7.28.4"
::1 - - [27/Oct/2021:09:49:22 +0000] "PATCH /api/v1/profile HTTP/1.1" 500 68 "-" "PostmanRuntime/7.28.4"
::1 - - [27/Oct/2021:09:50:09 +0000] "PATCH /api/v1/profile HTTP/1.1" 401 43 "-" "PostmanRuntime/7.28.4"
::1 - - [27/Oct/2021:09:50:14 +0000] "POST /api/v1/login HTTP/1.1" 200 288 "-" "PostmanRuntime/7.28.4"
::1 - - [27/Oct/2021:09:50:24 +0000] "PATCH /api/v1/profile HTTP/1.1" 401 43 "-" "PostmanRuntime/7.28.4"
::1 - - [27/Oct/2021:09:52:39 +0000] "PATCH /api/v1/profile HTTP/1.1" 500 74 "-" "PostmanRuntime/7.28.4"
::1 - - [27/Oct/2021:09:53:10 +0000] "PATCH /api/v1/profile HTTP/1.1" 201 172 "-" "PostmanRuntime/7.28.4"
::1 - - [27/Oct/2021:09:53:21 +0000] "PATCH /api/v1/profile HTTP/1.1" 500 62 "-" "PostmanRuntime/7.28.4"
::1 - - [27/Oct/2021:09:56:25 +0000] "PATCH /api/v1/profile HTTP/1.1" 201 173 "-" "PostmanRuntime/7.28.4"
::1 - - [27/Oct/2021:09:56:31 +0000] "PATCH /api/v1/profile HTTP/1.1" 500 74 "-" "PostmanRuntime/7.28.4"
::1 - - [27/Oct/2021:09:56:56 +0000] "PATCH /api/v1/profile HTTP/1.1" 500 74 "-" "PostmanRuntime/7.28.4"
::1 - - [27/Oct/2021:09:57:24 +0000] "PATCH /api/v1/profile HTTP/1.1" 500 74 "-" "PostmanRuntime/7.28.4"
::1 - - [27/Oct/2021:09:57:57 +0000] "PATCH /api/v1/profile HTTP/1.1" 500 74 "-" "PostmanRuntime/7.28.4"
::1 - - [27/Oct/2021:10:41:54 +0000] "GET /api/v1/users HTTP/1.1" 403 56 "-" "PostmanRuntime/7.28.4"
::1 - - [27/Oct/2021:10:41:56 +0000] "POST /api/v1/users HTTP/1.1" 403 56 "-" "PostmanRuntime/7.28.4"
::1 - - [27/Oct/2021:10:42:54 +0000] "POST /api/v1/users HTTP/1.1" 403 56 "-" "PostmanRuntime/7.28.4"
::1 - - [27/Oct/2021:10:44:22 +0000] "POST /api/v1/login HTTP/1.1" 200 276 "-" "PostmanRuntime/7.28.4"
::1 - - [27/Oct/2021:10:44:27 +0000] "POST /api/v1/users HTTP/1.1" 201 280 "-" "PostmanRuntime/7.28.4"
::1 - - [27/Oct/2021:10:45:01 +0000] "POST /api/v1/users HTTP/1.1" 500 148 "-" "PostmanRuntime/7.28.4"
::1 - - [27/Oct/2021:10:45:51 +0000] "POST /api/v1/users HTTP/1.1" 500 51 "-" "PostmanRuntime/7.28.4"
::1 - - [27/Oct/2021:10:47:57 +0000] "POST /api/v1/users HTTP/1.1" 422 49 "-" "PostmanRuntime/7.28.4"
::1 - - [27/Oct/2021:10:48:10 +0000] "POST /api/v1/users HTTP/1.1" 201 119 "-" "PostmanRuntime/7.28.4"
::1 - - [27/Oct/2021:10:48:37 +0000] "POST /api/v1/users HTTP/1.1" 201 119 "-" "PostmanRuntime/7.28.4"
::1 - - [27/Oct/2021:10:49:17 +0000] "POST /api/v1/users HTTP/1.1" 201 119 "-" "PostmanRuntime/7.28.4"
::1 - - [27/Oct/2021:10:50:16 +0000] "POST /api/v1/users HTTP/1.1" 201 172 "-" "PostmanRuntime/7.28.4"
::1 - - [27/Oct/2021:10:52:20 +0000] "PATCH /api/v1/users/61792d74d75acbb659ad3026 HTTP/1.1" 201 125 "-" "PostmanRuntime/7.28.4"
::1 - - [27/Oct/2021:11:01:51 +0000] "POST /api/v1/signup HTTP/1.1" 201 72 "-" "PostmanRuntime/7.28.4"
::1 - - [27/Oct/2021:11:03:04 +0000] "POST /api/v1/signup HTTP/1.1" 201 344 "-" "PostmanRuntime/7.28.4"
::1 - - [27/Oct/2021:11:03:32 +0000] "POST /api/v1/signup HTTP/1.1" 500 49 "-" "PostmanRuntime/7.28.4"
::1 - - [27/Oct/2021:11:04:16 +0000] "POST /api/v1/signup HTTP/1.1" 201 377 "-" "PostmanRuntime/7.28.4"
::1 - - [27/Oct/2021:11:05:13 +0000] "POST /api/v1/signup HTTP/1.1" 201 380 "-" "PostmanRuntime/7.28.4"
::1 - - [27/Oct/2021:11:06:12 +0000] "POST /api/v1/signup HTTP/1.1" 201 254 "-" "PostmanRuntime/7.28.4"
::1 - - [27/Oct/2021:11:07:54 +0000] "POST /api/v1/signup HTTP/1.1" 201 218 "-" "PostmanRuntime/7.28.4"
::1 - - [27/Oct/2021:11:08:42 +0000] "POST /api/v1/signup HTTP/1.1" 201 218 "-" "PostmanRuntime/7.28.4"
::1 - - [27/Oct/2021:11:08:45 +0000] "POST /api/v1/register?key=b71706e69d46765735448a5a6f12df70d1f414e65c723ebb27f3fb552b8c4bafa2da21e9abc085a1a1a1b551d9c8d2e4 HTTP/1.1" 500 64 "-" "PostmanRuntime/7.28.4"
::1 - - [27/Oct/2021:11:09:00 +0000] "POST /api/v1/register?key=b71706e69d46765735448a5a6f12df70d1f414e65c723ebb27f3fb552b8c4bafa2da21e9abc085a1a1a1b551d9c8d2e4 HTTP/1.1" 201 162 "-" "PostmanRuntime/7.28.4"
::1 - - [27/Oct/2021:11:10:28 +0000] "POST /api/v1/register?key=b71706e69d46765735448a5a6f12df70d1f414e65c723ebb27f3fb552b8c4bafa2da21e9abc085a1a1a1b551d9c8d2e4 HTTP/1.1" 201 451 "-" "PostmanRuntime/7.28.4"
::1 - - [27/Oct/2021:11:12:05 +0000] "POST /api/v1/signup HTTP/1.1" 201 218 "-" "PostmanRuntime/7.28.4"
::1 - - [27/Oct/2021:11:12:08 +0000] "POST /api/v1/register?key=216c0feb3c6e5352be85fd99436f7855df5b57964c3393a2695478d28411bcdba09a6c6edd631691648574b11b91776e HTTP/1.1" 201 451 "-" "PostmanRuntime/7.28.4"
::1 - - [27/Oct/2021:11:12:51 +0000] "POST /api/v1/register?key=216c0feb3c6e5352be85fd99436f7855df5b57964c3393a2695478d28411bcdba09a6c6edd631691648574b11b91776e HTTP/1.1" 201 451 "-" "PostmanRuntime/7.28.4"
::1 - - [27/Oct/2021:11:15:15 +0000] "POST /api/v1/register?key=216c0feb3c6e5352be85fd99436f7855df5b57964c3393a2695478d28411bcdba09a6c6edd631691648574b11b91776e HTTP/1.1" 201 85 "-" "PostmanRuntime/7.28.4"
::1 - - [27/Oct/2021:11:15:37 +0000] "POST /api/v1/register?key=216c0feb3c6e5352be85fd99436f7855df5b57964c3393a2695478d28411bcdba09a6c6edd631691648574b11b91776e HTTP/1.1" 500 76 "-" "PostmanRuntime/7.28.4"
::1 - - [27/Oct/2021:11:15:50 +0000] "POST /api/v1/register?key=216c0feb3c6e5352be85fd99436f7855df5b57964c3393a2695478d28411bcdba09a6c6edd631691648574b11b91776e HTTP/1.1" 201 451 "-" "PostmanRuntime/7.28.4"
::1 - - [27/Oct/2021:11:16:21 +0000] "POST /api/v1/register?key=216c0feb3c6e5352be85fd99436f7855df5b57964c3393a2695478d28411bcdba09a6c6edd631691648574b11b91776e HTTP/1.1" 201 451 "-" "PostmanRuntime/7.28.4"
::1 - - [27/Oct/2021:11:17:06 +0000] "POST /api/v1/register?key=216c0feb3c6e5352be85fd99436f7855df5b57964c3393a2695478d28411bcdba09a6c6edd631691648574b11b91776e HTTP/1.1" 201 162 "-" "PostmanRuntime/7.28.4"
::1 - - [27/Oct/2021:11:17:54 +0000] "POST /api/v1/register?key=216c0feb3c6e5352be85fd99436f7855df5b57964c3393a2695478d28411bcdba09a6c6edd631691648574b11b91776e HTTP/1.1" 201 162 "-" "PostmanRuntime/7.28.4"
::1 - - [27/Oct/2021:11:18:21 +0000] "POST /api/v1/register?key=216c0feb3c6e5352be85fd99436f7855df5b57964c3393a2695478d28411bcdba09a6c6edd631691648574b11b91776e HTTP/1.1" 201 162 "-" "PostmanRuntime/7.28.4"
::1 - - [27/Oct/2021:11:25:03 +0000] "POST /api/v1/register?key=216c0feb3c6e5352be85fd99436f7855df5b57964c3393a2695478d28411bcdba09a6c6edd631691648574b11b91776e HTTP/1.1" 201 393 "-" "PostmanRuntime/7.28.4"
::1 - - [27/Oct/2021:11:25:22 +0000] "POST /api/v1/signup HTTP/1.1" 201 449 "-" "PostmanRuntime/7.28.4"
::1 - - [27/Oct/2021:11:30:47 +0000] "POST /api/v1/register?key=fff0e73c849de5c906361079fc117ff23c69fbe01c4d31c88bdccd2518b50947cd7f6ccea730d6e0b80e831b1f1f610b HTTP/1.1" 201 162 "-" "PostmanRuntime/7.28.4"
::1 - - [27/Oct/2021:11:33:00 +0000] "POST /api/v1/register?key=fff0e73c849de5c906361079fc117ff23c69fbe01c4d31c88bdccd2518b50947cd7f6ccea730d6e0b80e831b1f1f610b HTTP/1.1" 201 116 "-" "PostmanRuntime/7.28.4"
::1 - - [27/Oct/2021:11:33:55 +0000] "POST /api/v1/register?key=fff0e73c849de5c906361079fc117ff23c69fbe01c4d31c88bdccd2518b50947cd7f6ccea730d6e0b80e831b1f1f610b HTTP/1.1" 422 44 "-" "PostmanRuntime/7.28.4"
::1 - - [27/Oct/2021:11:34:07 +0000] "POST /api/v1/signup HTTP/1.1" 201 218 "-" "PostmanRuntime/7.28.4"
::1 - - [27/Oct/2021:11:34:09 +0000] "POST /api/v1/register?key=b5a2451577f840b91340b798a74e54bc3778cdd92f92d2c9b1ae68a57588dad0233a69acc2926010ffa95fe95250c6f3 HTTP/1.1" 201 162 "-" "PostmanRuntime/7.28.4"
::1 - - [27/Oct/2021:11:38:14 +0000] "POST /api/v1/register?key=b5a2451577f840b91340b798a74e54bc3778cdd92f92d2c9b1ae68a57588dad0233a69acc2926010ffa95fe95250c6f3 HTTP/1.1" 201 162 "-" "PostmanRuntime/7.28.4"
::1 - - [27/Oct/2021:11:40:55 +0000] "POST /api/v1/register?key=b5a2451577f840b91340b798a74e54bc3778cdd92f92d2c9b1ae68a57588dad0233a69acc2926010ffa95fe95250c6f3 HTTP/1.1" 201 288 "-" "PostmanRuntime/7.28.4"
::1 - - [27/Oct/2021:11:41:42 +0000] "POST /api/v1/register?key=b5a2451577f840b91340b798a74e54bc3778cdd92f92d2c9b1ae68a57588dad0233a69acc2926010ffa95fe95250c6f3 HTTP/1.1" 422 44 "-" "PostmanRuntime/7.28.4"
::1 - - [27/Oct/2021:11:47:06 +0000] "POST /api/v1/register?key=b5a2451577f840b91340b798a74e54bc3778cdd92f92d2c9b1ae68a57588dad0233a69acc2926010ffa95fe95250c6f3&id=6179392c786d630a9a471372 HTTP/1.1" 422 45 "-" "PostmanRuntime/7.28.4"
::1 - - [27/Oct/2021:11:47:44 +0000] "POST /api/v1/register?key=b5a2451577f840b91340b798a74e54bc3778cdd92f92d2c9b1ae68a57588dad0233a69acc2926010ffa95fe95250c6f3&id=6179392c786d630a9a471372 HTTP/1.1" 422 45 "-" "PostmanRuntime/7.28.4"
::1 - - [27/Oct/2021:11:48:07 +0000] "POST /api/v1/signup HTTP/1.1" 201 218 "-" "PostmanRuntime/7.28.4"
::1 - - [27/Oct/2021:11:48:11 +0000] "POST /api/v1/register?key=a611e8cba9dfe9ce5d6ea1cca5cf5ffec1dbb7a0a1d362863f98813a3a0e9e2a3ec0a9123c9295a3f31b28c9c9516455&id=6179392c786d630a9a471372 HTTP/1.1" 201 276 "-" "PostmanRuntime/7.28.4"
::1 - - [27/Oct/2021:11:48:24 +0000] "POST /api/v1/login HTTP/1.1" 500 62 "-" "PostmanRuntime/7.28.4"
::1 - - [27/Oct/2021:11:50:43 +0000] "POST /api/v1/login HTTP/1.1" 500 62 "-" "PostmanRuntime/7.28.4"
::1 - - [27/Oct/2021:11:53:41 +0000] "POST /api/v1/login HTTP/1.1" 500 62 "-" "PostmanRuntime/7.28.4"
::1 - - [27/Oct/2021:11:54:23 +0000] "POST /api/v1/login HTTP/1.1" 500 62 "-" "PostmanRuntime/7.28.4"
::1 - - [27/Oct/2021:11:55:16 +0000] "POST /api/v1/login HTTP/1.1" 500 62 "-" "PostmanRuntime/7.28.4"
::1 - - [27/Oct/2021:11:56:06 +0000] "POST /api/v1/login HTTP/1.1" 500 62 "-" "PostmanRuntime/7.28.4"
::1 - - [27/Oct/2021:11:57:47 +0000] "POST /api/v1/register?key=a611e8cba9dfe9ce5d6ea1cca5cf5ffec1dbb7a0a1d362863f98813a3a0e9e2a3ec0a9123c9295a3f31b28c9c9516455&id=61792d74d75acbb659ad3026 HTTP/1.1" 401 58 "-" "PostmanRuntime/7.28.4"
::1 - - [27/Oct/2021:11:58:39 +0000] "POST /api/v1/signup HTTP/1.1" 201 218 "-" "PostmanRuntime/7.28.4"
::1 - - [27/Oct/2021:11:58:48 +0000] "POST /api/v1/register?key=a641d9816e1adc616bbd36cf0a77258818f4d9d7a8a733a766d614ec57c4b25aa256e7aeac6986ea06b12c6822c222ac&id=61792d74d75acbb659ad3026 HTTP/1.1" 401 58 "-" "PostmanRuntime/7.28.4"
::1 - - [27/Oct/2021:12:00:04 +0000] "POST /api/v1/signup HTTP/1.1" 201 218 "-" "PostmanRuntime/7.28.4"
::1 - - [27/Oct/2021:12:00:07 +0000] "POST /api/v1/register?key=baab7ce11af2a69cb2825bb00ac58e24f2657407aadd7af112e3c4c8158e16cf8ca642517f0f0920b029e14ab9051459&id=baab7ce11af2a69cb2825bb00ac58e24f2657407aadd7af112e3c4c8158e16cf8ca642517f0f0920b029e14ab9051459 HTTP/1.1" 401 58 "-" "PostmanRuntime/7.28.4"
::1 - - [27/Oct/2021:12:00:37 +0000] "POST /api/v1/signup HTTP/1.1" 201 218 "-" "PostmanRuntime/7.28.4"
::1 - - [27/Oct/2021:12:00:40 +0000] "POST /api/v1/register?key=12f0fab5d5aae94d3b19a1f42d7b9c06072a136b543338316168be20dee711ea7a316fd8dc398467f17fe27afefaa2b9&id=61793f6298ad8dadb1d18daf HTTP/1.1" 401 58 "-" "PostmanRuntime/7.28.4"
::1 - - [27/Oct/2021:12:02:00 +0000] "POST /api/v1/signup HTTP/1.1" 201 218 "-" "PostmanRuntime/7.28.4"
::1 - - [27/Oct/2021:12:03:24 +0000] "POST /api/v1/register?key=ddc6a63bac8817bc1dc5c3f58e404342a2e15fef282bce5d1aa1e9ee853f79a8cbba28554159ca95d81fff7d6af82150&id=61793fac2f75007a5e38ce7c HTTP/1.1" 401 58 "-" "PostmanRuntime/7.28.4"
::1 - - [27/Oct/2021:12:03:54 +0000] "POST /api/v1/register?key=ddc6a63bac8817bc1dc5c3f58e404342a2e15fef282bce5d1aa1e9ee853f79a8cbba28554159ca95d81fff7d6af82150&id=61793fac2f75007a5e38ce7c HTTP/1.1" 401 58 "-" "PostmanRuntime/7.28.4"
::1 - - [27/Oct/2021:12:04:29 +0000] "POST /api/v1/register?key=ddc6a63bac8817bc1dc5c3f58e404342a2e15fef282bce5d1aa1e9ee853f79a8cbba28554159ca95d81fff7d6af82150&id=61793fac2f75007a5e38ce7c HTTP/1.1" 401 58 "-" "PostmanRuntime/7.28.4"
::1 - - [27/Oct/2021:12:05:02 +0000] "POST /api/v1/register?key=ddc6a63bac8817bc1dc5c3f58e404342a2e15fef282bce5d1aa1e9ee853f79a8cbba28554159ca95d81fff7d6af82150&id=61793fac2f75007a5e38ce7c HTTP/1.1" 401 58 "-" "PostmanRuntime/7.28.4"
::1 - - [27/Oct/2021:12:05:23 +0000] "POST /api/v1/register?key=ddc6a63bac8817bc1dc5c3f58e404342a2e15fef282bce5d1aa1e9ee853f79a8cbba28554159ca95d81fff7d6af82150&id=61793fac2f75007a5e38ce7c HTTP/1.1" 422 45 "-" "PostmanRuntime/7.28.4"
::1 - - [27/Oct/2021:12:05:41 +0000] "POST /api/v1/signup HTTP/1.1" 201 218 "-" "PostmanRuntime/7.28.4"
::1 - - [27/Oct/2021:12:05:43 +0000] "POST /api/v1/register?key=49f1f16082cdd30baffbc7a222fa63d07ae595454c5f4925d1fa7a9f5df10bf090a1ceb65cd35b189787b2b4bcea6d8d&id=6179409192b588c5cec5e333 HTTP/1.1" 401 58 "-" "PostmanRuntime/7.28.4"
::1 - - [27/Oct/2021:12:06:34 +0000] "POST /api/v1/register?key=49f1f16082cdd30baffbc7a222fa63d07ae595454c5f4925d1fa7a9f5df10bf090a1ceb65cd35b189787b2b4bcea6d8d&id=6179409192b588c5cec5e333 HTTP/1.1" 422 45 "-" "PostmanRuntime/7.28.4"
::1 - - [27/Oct/2021:12:07:10 +0000] "POST /api/v1/signup HTTP/1.1" 201 218 "-" "PostmanRuntime/7.28.4"
::1 - - [27/Oct/2021:12:07:14 +0000] "POST /api/v1/register?key=b12eda7e846ba44739aa08fcc58d461c9e73ed614f5ce280ef4aa6a6b6ed8efac7785b4c667b0d914a63c8312c838fb2&id=617940ead00fbdab46901400 HTTP/1.1" 401 58 "-" "PostmanRuntime/7.28.4"
::1 - - [27/Oct/2021:12:10:39 +0000] "POST /api/v1/signup HTTP/1.1" 201 218 "-" "PostmanRuntime/7.28.4"
::1 - - [27/Oct/2021:12:10:45 +0000] "POST /api/v1/register?key=c08fb92f2b04d92b55b4246503f9920d8159e3f1c6981084474fc96cc9227c9ec057d9e42f8557218a89a0c56ea49537&id=617941bc9f33a25cc9847d58 HTTP/1.1" 201 288 "-" "PostmanRuntime/7.28.4"
::1 - - [27/Oct/2021:12:11:02 +0000] "POST /api/v1/register?key=c08fb92f2b04d92b55b4246503f9920d8159e3f1c6981084474fc96cc9227c9ec057d9e42f8557218a89a0c56ea49537&id=617941bc9f33a25cc9847d58 HTTP/1.1" 422 45 "-" "PostmanRuntime/7.28.4"
::1 - - [27/Oct/2021:12:23:53 +0000] "POST /api/v1/register?key=c08fb92f2b04d92b55b4246503f9920d8159e3f1c6981084474fc96cc9227c9ec057d9e42f8557218a89a0c56ea49537&id=617941bc9f33a25cc9847d58 HTTP/1.1" 422 45 "-" "PostmanRuntime/7.28.4"
::1 - - [27/Oct/2021:12:24:06 +0000] "POST /api/v1/register?key=c08fb92f2b04d92b55b4246503f9920d8159e3f1c6981084474fc96cc9227c9ec057d9e42f8557218a89a0c56ea49537&id=617941bc9f33a25cc9847d59 HTTP/1.1" 422 44 "-" "PostmanRuntime/7.28.4"
::1 - - [27/Oct/2021:12:24:16 +0000] "POST /api/v1/register?key=c08fb92f2b04d92b55b4246503f9920d8159e3f1c6981084474fc96cc9227c9ec057d9e42f8557218a89a0c56ea49537&id=617941bc9f33a25cc9847d58 HTTP/1.1" 422 45 "-" "PostmanRuntime/7.28.4"
::1 - - [27/Oct/2021:12:30:07 +0000] "POST /api/v1/signup HTTP/1.1" - - "-" "PostmanRuntime/7.28.4"
::1 - - [27/Oct/2021:12:31:05 +0000] "POST /api/v1/signup HTTP/1.1" - - "-" "PostmanRuntime/7.28.4"
::1 - - [27/Oct/2021:12:31:54 +0000] "POST /api/v1/signup HTTP/1.1" 201 218 "-" "PostmanRuntime/7.28.4"
::1 - - [27/Oct/2021:12:32:09 +0000] "POST /api/v1/register?key=a68328ff7fffbdc0ce46aff3a946ad10d5417517b980801d191b84a3a2b4a5eb47205f7a27e2058290b598af6e0825d0&id=617946a5f499625bb33f5e37 HTTP/1.1" 201 288 "-" "PostmanRuntime/7.28.4"
::1 - - [27/Oct/2021:12:32:20 +0000] "POST /api/v1/login HTTP/1.1" 200 288 "-" "PostmanRuntime/7.28.4"
::1 - - [27/Oct/2021:12:32:33 +0000] "POST /api/v1/users HTTP/1.1" 403 56 "-" "PostmanRuntime/7.28.4"
::1 - - [27/Oct/2021:12:32:40 +0000] "POST /api/v1/forgot-password HTTP/1.1" 500 64 "-" "PostmanRuntime/7.28.4"
::1 - - [27/Oct/2021:12:33:45 +0000] "POST /api/v1/forgot-password HTTP/1.1" 201 228 "-" "PostmanRuntime/7.28.4"
::1 - - [27/Oct/2021:12:36:45 +0000] "POST /api/v1/forgot-password HTTP/1.1" 201 228 "-" "PostmanRuntime/7.28.4"
::1 - - [27/Oct/2021:12:37:12 +0000] "POST /api/v1/forgot-password HTTP/1.1" 201 82 "-" "PostmanRuntime/7.28.4"
::1 - - [27/Oct/2021:12:37:52 +0000] "POST /api/v1/forgot-password HTTP/1.1" 201 82 "-" "PostmanRuntime/7.28.4"
::1 - - [27/Oct/2021:12:38:25 +0000] "POST /api/v1/forgot-password HTTP/1.1" 201 82 "-" "PostmanRuntime/7.28.4"
::1 - - [27/Oct/2021:12:39:24 +0000] "POST /api/v1/forgot-password HTTP/1.1" 201 346 "-" "PostmanRuntime/7.28.4"
::1 - - [27/Oct/2021:12:40:37 +0000] "POST /api/v1/forgot-password HTTP/1.1" 201 346 "-" "PostmanRuntime/7.28.4"
::1 - - [27/Oct/2021:12:41:15 +0000] "POST /api/v1/forgot-password HTTP/1.1" 201 346 "-" "PostmanRuntime/7.28.4"
::1 - - [27/Oct/2021:12:42:22 +0000] "POST /api/v1/forgot-password HTTP/1.1" 201 72 "-" "PostmanRuntime/7.28.4"
::1 - - [27/Oct/2021:12:43:09 +0000] "POST /api/v1/forgot-password HTTP/1.1" 201 218 "-" "PostmanRuntime/7.28.4"
::1 - - [27/Oct/2021:12:43:43 +0000] "POST /api/v1/forgot-password HTTP/1.1" 201 218 "-" "PostmanRuntime/7.28.4"
::1 - - [27/Oct/2021:12:44:25 +0000] "POST /api/v1/reset-password?key=95413bec0f3f99e41b2fbb81f2c54c50fd902c4dc7c34e5f7ec2f5555c5e047501d85514a93770fd0105d7a1e8c679ac HTTP/1.1" 201 288 "-" "PostmanRuntime/7.28.4"
::1 - - [27/Oct/2021:12:54:26 +0000] "POST /api/v1/login HTTP/1.1" 200 276 "-" "PostmanRuntime/7.28.4"
::1 - - [27/Oct/2021:12:54:30 +0000] "GET /api/v1/users HTTP/1.1" 200 285 "-" "PostmanRuntime/7.28.4"
::1 - - [27/Oct/2021:12:54:44 +0000] "GET /api/v1/users/617946a5f499625bb33f5e37 HTTP/1.1" 404 95 "-" "PostmanRuntime/7.28.4"
::1 - - [27/Oct/2021:12:55:14 +0000] "GET /api/v1/users/617946a5f499625bb33f5e37 HTTP/1.1" 200 172 "-" "PostmanRuntime/7.28.4"
::1 - - [27/Oct/2021:12:55:32 +0000] "PATCH /api/v1/users/617946a5f499625bb33f5e37 HTTP/1.1" 201 174 "-" "PostmanRuntime/7.28.4"
::1 - - [27/Oct/2021:12:56:38 +0000] "POST /api/v1/signup HTTP/1.1" 201 449 "-" "PostmanRuntime/7.28.4"
::1 - - [27/Oct/2021:13:02:07 +0000] "POST /api/v1/register?key=392b1e8574be216b802073fe8318d35d5c63af64e03cba005a1f3deeebc54834d59ab7f8262a376e1d97a8e88747f338 HTTP/1.1" 201 288 "-" "PostmanRuntime/7.28.4"
::1 - - [27/Oct/2021:13:02:23 +0000] "POST /api/v1/login HTTP/1.1" 200 276 "-" "PostmanRuntime/7.28.4"
::1 - - [27/Oct/2021:13:02:31 +0000] "GET /api/v1/users HTTP/1.1" 200 285 "-" "PostmanRuntime/7.28.4"
::1 - - [27/Oct/2021:13:02:44 +0000] "PATCH /api/v1/users/61794c7fb7c512d9e629e23a HTTP/1.1" 201 174 "-" "PostmanRuntime/7.28.4"
::1 - - [27/Oct/2021:13:02:56 +0000] "PATCH /api/v1/users/61794c7fb7c512d9e629e23a HTTP/1.1" 201 173 "-" "PostmanRuntime/7.28.4"
::1 - - [27/Oct/2021:13:03:38 +0000] "GET /api/v1/users/61794c7fb7c512d9e629e23a HTTP/1.1" 200 173 "-" "PostmanRuntime/7.28.4"
::1 - - [27/Oct/2021:13:03:41 +0000] "PATCH /api/v1/users/61794c7fb7c512d9e629e23a HTTP/1.1" 201 173 "-" "PostmanRuntime/7.28.4"
::1 - - [27/Oct/2021:13:04:56 +0000] "PATCH /api/v1/users/61794c7fb7c512d9e629e23a HTTP/1.1" 201 173 "-" "PostmanRuntime/7.28.4"
::1 - - [27/Oct/2021:15:26:11 +0000] "GET /api/v1/users HTTP/1.1" 401 57 "-" "PostmanRuntime/7.28.4"
::1 - - [27/Oct/2021:15:26:22 +0000] "POST /api/v1/login HTTP/1.1" 200 276 "-" "PostmanRuntime/7.28.4"
::1 - - [27/Oct/2021:15:26:24 +0000] "GET /api/v1/users HTTP/1.1" 200 285 "-" "PostmanRuntime/7.28.4"
::1 - - [27/Oct/2021:15:56:48 +0000] "GET /api/v1/users/61794c7fb7c512d9e629e23a/profile HTTP/1.1" 200 123 "-" "PostmanRuntime/7.28.4"
::1 - - [27/Oct/2021:16:04:07 +0000] "PATCH /api/v1/users/61794c7fb7c512d9e629e23a/profile HTTP/1.1" 500 52 "-" "PostmanRuntime/7.28.4"
::1 - - [27/Oct/2021:16:04:26 +0000] "PATCH /api/v1/users/61794c7fb7c512d9e629e23a/profile HTTP/1.1" 400 62 "-" "PostmanRuntime/7.28.4"
::1 - - [27/Oct/2021:16:04:55 +0000] "PATCH /api/v1/users/61794c7fb7c512d9e629e23a/profile HTTP/1.1" 400 62 "-" "PostmanRuntime/7.28.4"
::1 - - [27/Oct/2021:16:06:30 +0000] "PATCH /api/v1/users/61794c7fb7c512d9e629e23a/profile HTTP/1.1" 201 135 "-" "PostmanRuntime/7.28.4"
::1 - - [27/Oct/2021:16:12:18 +0000] "PATCH /api/v1/users/61794c7fb7c512d9e629e23a/password HTTP/1.1" 400 63 "-" "PostmanRuntime/7.28.4"
::1 - - [27/Oct/2021:16:12:39 +0000] "PATCH /api/v1/users/61794c7fb7c512d9e629e23a/password HTTP/1.1" 201 135 "-" "PostmanRuntime/7.28.4"
::1 - - [27/Oct/2021:16:15:22 +0000] "GET /api/v1/users HTTP/1.1" 200 297 "-" "PostmanRuntime/7.28.4"
::1 - - [27/Oct/2021:16:15:39 +0000] "PATCH /api/v1/users/61794c7fb7c512d9e629e23a HTTP/1.1" 400 62 "-" "PostmanRuntime/7.28.4"
::1 - - [27/Oct/2021:16:15:46 +0000] "PATCH /api/v1/users/61794c7fb7c512d9e629e23a HTTP/1.1" 201 173 "-" "PostmanRuntime/7.28.4"
::1 - - [27/Oct/2021:16:21:36 +0000] "PATCH /api/v1/users/61794c7fb7c512d9e629e23a/password HTTP/1.1" 201 135 "-" "PostmanRuntime/7.28.4"
::1 - - [27/Oct/2021:16:22:14 +0000] "PATCH /api/v1/users/61794c7fb7c512d9e629e23a/profile HTTP/1.1" 201 123 "-" "PostmanRuntime/7.28.4"
::1 - - [28/Oct/2021:00:40:43 +0000] "POST /api/v1/login HTTP/1.1" 200 288 "-" "PostmanRuntime/7.28.4"
::1 - - [28/Oct/2021:00:40:54 +0000] "GET /api/v1/users/61794c7fb7c512d9e629e23a/profile HTTP/1.1" 200 173 "-" "PostmanRuntime/7.28.4"
::1 - - [28/Oct/2021:00:41:18 +0000] "POST /api/v1/login HTTP/1.1" 200 288 "-" "PostmanRuntime/7.28.4"
::1 - - [28/Oct/2021:00:41:21 +0000] "GET /api/v1/users/61794c7fb7c512d9e629e23a/profile HTTP/1.1" 200 173 "-" "PostmanRuntime/7.28.4"
::1 - - [28/Oct/2021:00:42:38 +0000] "PATCH /api/v1/users/61794c7fb7c512d9e629e23a/password HTTP/1.1" 201 173 "-" "PostmanRuntime/7.28.4"
::1 - - [28/Oct/2021:00:43:11 +0000] "PATCH /api/v1/users/61794c7fb7c512d9e629e23a/profile HTTP/1.1" 201 173 "-" "PostmanRuntime/7.28.4"
::1 - - [28/Oct/2021:00:43:30 +0000] "PATCH /api/v1/users/61794c7fb7c512d9e629e23a/profile HTTP/1.1" 201 172 "-" "PostmanRuntime/7.28.4"
::1 - - [28/Oct/2021:00:47:58 +0000] "PATCH /api/v1/users/61794c7fb7c512d9e629e23a/password HTTP/1.1" 500 62 "-" "PostmanRuntime/7.28.4"
::1 - - [28/Oct/2021:00:48:38 +0000] "PATCH /api/v1/users/61794c7fb7c512d9e629e23a/password HTTP/1.1" 500 62 "-" "PostmanRuntime/7.28.4"
::1 - - [28/Oct/2021:00:49:05 +0000] "PATCH /api/v1/users/61794c7fb7c512d9e629e23a/password HTTP/1.1" 500 76 "-" "PostmanRuntime/7.28.4"
::1 - - [28/Oct/2021:00:49:30 +0000] "PATCH /api/v1/users/61794c7fb7c512d9e629e23a/password HTTP/1.1" 500 76 "-" "PostmanRuntime/7.28.4"
::1 - - [28/Oct/2021:00:50:39 +0000] "PATCH /api/v1/users/61794c7fb7c512d9e629e23a/password HTTP/1.1" 500 48 "-" "PostmanRuntime/7.28.4"
::1 - - [28/Oct/2021:00:55:06 +0000] "PATCH /api/v1/users/61794c7fb7c512d9e629e23a/password HTTP/1.1" 201 172 "-" "PostmanRuntime/7.28.4"
::1 - - [28/Oct/2021:00:55:09 +0000] "PATCH /api/v1/users/61794c7fb7c512d9e629e23a/password HTTP/1.1" 500 53 "-" "PostmanRuntime/7.28.4"
::1 - - [28/Oct/2021:00:55:31 +0000] "PATCH /api/v1/users/61794c7fb7c512d9e629e23a/password HTTP/1.1" 401 53 "-" "PostmanRuntime/7.28.4"
::1 - - [28/Oct/2021:00:55:54 +0000] "PATCH /api/v1/users/61794c7fb7c512d9e629e23a/password HTTP/1.1" 201 172 "-" "PostmanRuntime/7.28.4"
::1 - - [28/Oct/2021:00:55:57 +0000] "PATCH /api/v1/users/61794c7fb7c512d9e629e23a/password HTTP/1.1" 401 53 "-" "PostmanRuntime/7.28.4"
::1 - - [28/Oct/2021:00:56:21 +0000] "PATCH /api/v1/users/61794c7fb7c512d9e629e23a/password HTTP/1.1" 201 172 "-" "PostmanRuntime/7.28.4"
::1 - - [28/Oct/2021:00:56:28 +0000] "PATCH /api/v1/users/61794c7fb7c512d9e629e23a/password HTTP/1.1" 201 172 "-" "PostmanRuntime/7.28.4"
::1 - - [28/Oct/2021:10:00:39 +0000] "POST /api/v1/signup HTTP/1.1" 422 49 "-" "PostmanRuntime/7.28.4"
::1 - - [28/Oct/2021:12:48:27 +0000] "POST /api/v1/login HTTP/1.1" 401 58 "-" "PostmanRuntime/7.28.4"
::1 - - [28/Oct/2021:12:49:09 +0000] "POST /api/v1/forgot-password HTTP/1.1" 201 218 "-" "PostmanRuntime/7.28.4"
::1 - - [28/Oct/2021:12:49:31 +0000] "POST /api/v1/reset-password?key=dae6ce12ddb5731403844b79d1f100eb7e3d22195dcc663aa5449944ef8379ad8c5181b6e59092ee1f31e1db9eb65f8a HTTP/1.1" 401 58 "-" "PostmanRuntime/7.28.4"
::1 - - [28/Oct/2021:12:52:42 +0000] "POST /api/v1/reset-password?key=dae6ce12ddb5731403844b79d1f100eb7e3d22195dcc663aa5449944ef8379ad8c5181b6e59092ee1f31e1db9eb65f8a HTTP/1.1" 422 45 "-" "PostmanRuntime/7.28.4"
::1 - - [28/Oct/2021:12:52:52 +0000] "POST /api/v1/forgot-password HTTP/1.1" 201 218 "-" "PostmanRuntime/7.28.4"
::1 - - [28/Oct/2021:12:52:56 +0000] "POST /api/v1/reset-password?key=eb41b1f6d98467ee8f02c6634beaa64cab9cf307382af2f9b565020ce1865fe14b0ed370975da1b6494553867d7abdb9 HTTP/1.1" 201 276 "-" "PostmanRuntime/7.28.4"
::1 - - [28/Oct/2021:12:53:07 +0000] "POST /api/v1/login HTTP/1.1" 200 276 "-" "PostmanRuntime/7.28.4"
::1 - - [28/Oct/2021:12:53:30 +0000] "GET /api/v1/users HTTP/1.1" 200 284 "-" "PostmanRuntime/7.28.4"
::1 - - [28/Oct/2021:12:53:46 +0000] "DELETE /api/v1/users/61794c7fb7c512d9e629e23a HTTP/1.1" 200 210 "-" "PostmanRuntime/7.28.4"
::1 - - [28/Oct/2021:12:54:35 +0000] "GET /api/v1/users HTTP/1.1" 200 135 "-" "PostmanRuntime/7.28.4"
::1 - - [28/Oct/2021:13:41:06 +0000] "GET /api/v1/users?page&size HTTP/1.1" 200 135 "-" "PostmanRuntime/7.28.4"
::1 - - [28/Oct/2021:13:41:16 +0000] "GET /api/v1/users HTTP/1.1" 200 135 "-" "PostmanRuntime/7.28.4"
::1 - - [28/Oct/2021:13:44:42 +0000] "GET /api/v1/users HTTP/1.1" 200 135 "-" "PostmanRuntime/7.28.4"
::1 - - [28/Oct/2021:13:45:04 +0000] "GET /api/v1/users HTTP/1.1" 200 135 "-" "PostmanRuntime/7.28.4"
::1 - - [28/Oct/2021:13:48:41 +0000] "POST /api/v1/users HTTP/1.1" 201 171 "-" "PostmanRuntime/7.28.4"
::1 - - [28/Oct/2021:13:48:52 +0000] "POST /api/v1/users HTTP/1.1" 201 173 "-" "PostmanRuntime/7.28.4"
::1 - - [28/Oct/2021:13:48:57 +0000] "GET /api/v1/users HTTP/1.1" 200 582 "-" "PostmanRuntime/7.28.4"
::1 - - [28/Oct/2021:13:49:07 +0000] "GET /api/v1/users?size=2 HTTP/1.1" 200 582 "-" "PostmanRuntime/7.28.4"
::1 - - [28/Oct/2021:13:50:54 +0000] "GET /api/v1/users?page=2&size=2 HTTP/1.1" 200 582 "-" "PostmanRuntime/7.28.4"
::1 - - [28/Oct/2021:13:53:27 +0000] "GET /api/v1/users?page=2&size=2 HTTP/1.1" 200 582 "-" "PostmanRuntime/7.28.4"
::1 - - [28/Oct/2021:13:53:43 +0000] "GET /api/v1/users?page=2&size=2 HTTP/1.1" 200 582 "-" "PostmanRuntime/7.28.4"
::1 - - [28/Oct/2021:13:54:25 +0000] "GET /api/v1/users?page=2&size=2 HTTP/1.1" 200 582 "-" "PostmanRuntime/7.28.4"
::1 - - [28/Oct/2021:13:54:54 +0000] "GET /api/v1/users?page=2&size=2 HTTP/1.1" 200 582 "-" "PostmanRuntime/7.28.4"
::1 - - [28/Oct/2021:13:55:16 +0000] "GET /api/v1/users?page=2&size=2 HTTP/1.1" 200 582 "-" "PostmanRuntime/7.28.4"
::1 - - [28/Oct/2021:13:55:36 +0000] "GET /api/v1/users?page=2&size=2 HTTP/1.1" 200 582 "-" "PostmanRuntime/7.28.4"
::1 - - [28/Oct/2021:13:55:52 +0000] "GET /api/v1/users?page=2&size=2 HTTP/1.1" 200 582 "-" "PostmanRuntime/7.28.4"
::1 - - [28/Oct/2021:13:56:14 +0000] "GET /api/v1/users?page=2&size=2 HTTP/1.1" 200 180 "-" "PostmanRuntime/7.28.4"
::1 - - [28/Oct/2021:13:57:28 +0000] "GET /api/v1/users?page=2&size=2 HTTP/1.1" 200 591 "-" "PostmanRuntime/7.28.4"
::1 - - [28/Oct/2021:13:57:48 +0000] "GET /api/v1/users?page=2&size=2 HTTP/1.1" 200 26 "-" "PostmanRuntime/7.28.4"
::1 - - [28/Oct/2021:13:58:03 +0000] "GET /api/v1/users?page=2&size=2 HTTP/1.1" 200 591 "-" "PostmanRuntime/7.28.4"
::1 - - [28/Oct/2021:13:59:29 +0000] "GET /api/v1/users HTTP/1.1" 200 582 "-" "PostmanRuntime/7.28.4"
::1 - - [28/Oct/2021:14:00:34 +0000] "GET /api/v1/users?page=2&size=2 HTTP/1.1" 200 480 "-" "PostmanRuntime/7.28.4"
::1 - - [28/Oct/2021:14:01:04 +0000] "GET /api/v1/users?size=3 HTTP/1.1" 200 469 "-" "PostmanRuntime/7.28.4"
::1 - - [28/Oct/2021:14:01:54 +0000] "GET /api/v1/users?size=3 HTTP/1.1" 200 941 "-" "PostmanRuntime/7.28.4"
::1 - - [28/Oct/2021:14:02:26 +0000] "GET /api/v1/users?page=1&size=2 HTTP/1.1" 200 952 "-" "PostmanRuntime/7.28.4"
::1 - - [28/Oct/2021:14:02:52 +0000] "GET /api/v1/users?page=1&size=2 HTTP/1.1" 200 952 "-" "PostmanRuntime/7.28.4"
::1 - - [28/Oct/2021:14:03:16 +0000] "GET /api/v1/users?page=1&limit=2 HTTP/1.1" 200 469 "-" "PostmanRuntime/7.28.4"
::1 - - [28/Oct/2021:14:03:27 +0000] "GET /api/v1/users?page=2&limit=3 HTTP/1.1" 200 283 "-" "PostmanRuntime/7.28.4"
::1 - - [28/Oct/2021:14:05:16 +0000] "GET /api/v1/users?page=2&limit=3 HTTP/1.1" 500 52 "-" "PostmanRuntime/7.28.4"
::1 - - [28/Oct/2021:14:05:31 +0000] "GET /api/v1/users?page=2&limit=3 HTTP/1.1" 200 204 "-" "PostmanRuntime/7.28.4"
::1 - - [28/Oct/2021:14:06:07 +0000] "GET /api/v1/users?page=2&limit=3 HTTP/1.1" 200 204 "-" "PostmanRuntime/7.28.4"
::1 - - [28/Oct/2021:14:07:45 +0000] "GET /api/v1/users?page=2&limit=3 HTTP/1.1" 200 45 "-" "PostmanRuntime/7.28.4"
::1 - - [28/Oct/2021:14:08:36 +0000] "GET /api/v1/users?page=2&limit=3 HTTP/1.1" 200 45 "-" "PostmanRuntime/7.28.4"
::1 - - [28/Oct/2021:14:09:39 +0000] "GET /api/v1/users?page=2&limit=3 HTTP/1.1" 200 45 "-" "PostmanRuntime/7.28.4"
::1 - - [28/Oct/2021:14:10:42 +0000] "GET /api/v1/users?page=2&limit=3 HTTP/1.1" 200 204 "-" "PostmanRuntime/7.28.4"
::1 - - [28/Oct/2021:14:12:37 +0000] "GET /api/v1/users?page=2&limit=3 HTTP/1.1" 500 72 "-" "PostmanRuntime/7.28.4"
::1 - - [28/Oct/2021:14:12:57 +0000] "GET /api/v1/users?page=2&limit=3 HTTP/1.1" 200 204 "-" "PostmanRuntime/7.28.4"
::1 - - [28/Oct/2021:14:14:00 +0000] "GET /api/v1/users?page=2&limit=3 HTTP/1.1" 200 424 "-" "PostmanRuntime/7.28.4"
::1 - - [28/Oct/2021:14:16:12 +0000] "GET /api/v1/users?page=2&limit=3 HTTP/1.1" 500 69 "-" "PostmanRuntime/7.28.4"
::1 - - [28/Oct/2021:14:16:30 +0000] "GET /api/v1/users?page=2&limit=3 HTTP/1.1" 500 69 "-" "PostmanRuntime/7.28.4"
::1 - - [28/Oct/2021:14:16:57 +0000] "GET /api/v1/users?page=2&limit=3 HTTP/1.1" 200 45 "-" "PostmanRuntime/7.28.4"
::1 - - [28/Oct/2021:14:17:29 +0000] "GET /api/v1/users?page=2&limit=3 HTTP/1.1" 200 424 "-" "PostmanRuntime/7.28.4"
::1 - - [28/Oct/2021:14:18:06 +0000] "GET /api/v1/users?page=2&limit=3 HTTP/1.1" 200 204 "-" "PostmanRuntime/7.28.4"
::1 - - [28/Oct/2021:14:18:23 +0000] "GET /api/v1/users?page=2&limit=3 HTTP/1.1" 200 337 "-" "PostmanRuntime/7.28.4"
::1 - - [28/Oct/2021:14:18:58 +0000] "GET /api/v1/users?page=2&limit=3 HTTP/1.1" 200 424 "-" "PostmanRuntime/7.28.4"
::1 - - [28/Oct/2021:14:27:20 +0000] "GET /api/v1/users?page=2&limit=3 HTTP/1.1" 200 337 "-" "PostmanRuntime/7.28.4"
::1 - - [28/Oct/2021:14:27:33 +0000] "GET /api/v1/users?page=1&limit=1 HTTP/1.1" 200 287 "-" "PostmanRuntime/7.28.4"
::1 - - [28/Oct/2021:14:28:05 +0000] "GET /api/v1/users?page=1&limit=1 HTTP/1.1" 200 268 "-" "PostmanRuntime/7.28.4"
::1 - - [28/Oct/2021:14:29:50 +0000] "GET /api/v1/users?page=2&limit=1 HTTP/1.1" 200 313 "-" "PostmanRuntime/7.28.4"
::1 - - [28/Oct/2021:14:29:58 +0000] "GET /api/v1/users?page=3&limit=1 HTTP/1.1" 200 312 "-" "PostmanRuntime/7.28.4"
::1 - - [28/Oct/2021:14:30:02 +0000] "GET /api/v1/users?page=4&limit=1 HTTP/1.1" 200 318 "-" "PostmanRuntime/7.28.4"
::1 - - [28/Oct/2021:14:32:23 +0000] "GET /api/v1/users?page=4&limit=1 HTTP/1.1" 200 318 "-" "PostmanRuntime/7.28.4"
::1 - - [28/Oct/2021:14:32:50 +0000] "GET /api/v1/users?page=4&limit=1 HTTP/1.1" 200 318 "-" "PostmanRuntime/7.28.4"
::1 - - [28/Oct/2021:14:33:18 +0000] "POST /api/v1/users/617aaa446ecf507275cab3da HTTP/1.1" 404 95 "-" "PostmanRuntime/7.28.4"
::1 - - [28/Oct/2021:14:33:27 +0000] "GET /api/v1/users/617aaa446ecf507275cab3da HTTP/1.1" 200 173 "-" "PostmanRuntime/7.28.4"
::1 - - [28/Oct/2021:14:34:01 +0000] "GET /api/v1/users?limit=1 HTTP/1.1" 200 279 "-" "PostmanRuntime/7.28.4"
::1 - - [28/Oct/2021:14:34:20 +0000] "GET /api/v1/users?page=5&limit=1 HTTP/1.1" 200 169 "-" "PostmanRuntime/7.28.4"
::1 - - [28/Oct/2021:14:34:50 +0000] "GET /api/v1/users?limit=1 HTTP/1.1" 200 279 "-" "PostmanRuntime/7.28.4"
::1 - - [28/Oct/2021:14:34:56 +0000] "GET /api/v1/users?limit=3 HTTP/1.1" 200 576 "-" "PostmanRuntime/7.28.4"
::1 - - [28/Oct/2021:15:16:46 +0000] "GET /api/v1/devices?page=2&limit=3 HTTP/1.1" 500 50 "-" "PostmanRuntime/7.28.4"
::1 - - [28/Oct/2021:15:17:11 +0000] "GET /api/v1/devices?page=2&limit=3 HTTP/1.1" 200 169 "-" "PostmanRuntime/7.28.4"
::1 - - [28/Oct/2021:15:17:18 +0000] "GET /api/v1/devices?limit=3 HTTP/1.1" 200 184 "-" "PostmanRuntime/7.28.4"
::1 - - [28/Oct/2021:23:06:40 +0000] "POST /api/v1/login HTTP/1.1" 200 276 "-" "PostmanRuntime/7.28.4"
::1 - - [28/Oct/2021:23:06:48 +0000] "GET /api/v1/users?limit=3 HTTP/1.1" 200 576 "-" "PostmanRuntime/7.28.4"
::1 - - [28/Oct/2021:23:06:57 +0000] "GET /api/v1/users/617940e4448807bd88cb3a56 HTTP/1.1" 200 201 "-" "PostmanRuntime/7.28.4"
::1 - - [28/Oct/2021:23:14:29 +0000] "GET /api/v1/users/617940e4448807bd88cb3a56 HTTP/1.1" 200 210 "-" "PostmanRuntime/7.28.4"
::1 - - [28/Oct/2021:23:14:42 +0000] "GET /api/v1/users/null HTTP/1.1" 500 121 "-" "PostmanRuntime/7.28.4"
::1 - - [28/Oct/2021:23:14:54 +0000] "GET /api/v1/users/null HTTP/1.1" 500 121 "-" "PostmanRuntime/7.28.4"
::1 - - [28/Oct/2021:23:15:15 +0000] "GET /api/v1/users/null HTTP/1.1" 500 121 "-" "PostmanRuntime/7.28.4"
::1 - - [28/Oct/2021:23:16:07 +0000] "GET /api/v1/users?limit=3 HTTP/1.1" 200 576 "-" "PostmanRuntime/7.28.4"
::1 - - [28/Oct/2021:23:16:21 +0000] "GET /api/v1/users/617940e4448807bd88cb3a56 HTTP/1.1" 200 169 "-" "PostmanRuntime/7.28.4"
::1 - - [28/Oct/2021:23:21:22 +0000] "GET /api/v1/users/null HTTP/1.1" 500 121 "-" "PostmanRuntime/7.28.4"
::1 - - [28/Oct/2021:23:21:27 +0000] "GET /api/v1/users?limit=3 HTTP/1.1" 200 576 "-" "PostmanRuntime/7.28.4"
::1 - - [28/Oct/2021:23:21:30 +0000] "GET /api/v1/users/617940e4448807bd88cb3a56 HTTP/1.1" 200 201 "-" "PostmanRuntime/7.28.4"
::1 - - [28/Oct/2021:23:22:20 +0000] "GET /api/v1/users/617940e4448807bd88cb3a56 HTTP/1.1" 200 201 "-" "PostmanRuntime/7.28.4"
::1 - - [28/Oct/2021:23:24:01 +0000] "GET /api/v1/users?limit=3 HTTP/1.1" 500 62 "-" "PostmanRuntime/7.28.4"
::1 - - [28/Oct/2021:23:24:21 +0000] "GET /api/v1/users?limit=3 HTTP/1.1" 500 67 "-" "PostmanRuntime/7.28.4"
::1 - - [28/Oct/2021:23:24:38 +0000] "GET /api/v1/users?limit=3 HTTP/1.1" 500 62 "-" "PostmanRuntime/7.28.4"
::1 - - [28/Oct/2021:23:26:08 +0000] "GET /api/v1/users?limit=3 HTTP/1.1" 500 62 "-" "PostmanRuntime/7.28.4"
::1 - - [28/Oct/2021:23:26:35 +0000] "GET /api/v1/users?limit=3 HTTP/1.1" 500 62 "-" "PostmanRuntime/7.28.4"
::1 - - [28/Oct/2021:23:27:00 +0000] "GET /api/v1/users?limit=3 HTTP/1.1" 200 179 "-" "PostmanRuntime/7.28.4"
::1 - - [28/Oct/2021:23:28:10 +0000] "GET /api/v1/users?limit=3 HTTP/1.1" 200 801 "-" "PostmanRuntime/7.28.4"
::1 - - [28/Oct/2021:23:30:15 +0000] "GET /api/v1/users?limit=3 HTTP/1.1" 500 69 "-" "PostmanRuntime/7.28.4"
::1 - - [28/Oct/2021:23:30:49 +0000] "GET /api/v1/users?limit=3 HTTP/1.1" 200 806 "-" "PostmanRuntime/7.28.4"
::1 - - [28/Oct/2021:23:35:13 +0000] "GET /api/v1/users?limit=3 HTTP/1.1" 200 572 "-" "PostmanRuntime/7.28.4"
::1 - - [28/Oct/2021:23:35:29 +0000] "GET /api/v1/users?limit=3 HTTP/1.1" 200 572 "-" "PostmanRuntime/7.28.4"
::1 - - [28/Oct/2021:23:35:36 +0000] "GET /api/v1/users?limit=3 HTTP/1.1" 200 572 "-" "PostmanRuntime/7.28.4"
::1 - - [28/Oct/2021:23:37:04 +0000] "GET /api/v1/users?page=2&limit=3 HTTP/1.1" 200 314 "-" "PostmanRuntime/7.28.4"
::1 - - [28/Oct/2021:23:37:59 +0000] "GET /api/v1/users?page=2&limit=3 HTTP/1.1" 200 319 "-" "PostmanRuntime/7.28.4"
::1 - - [28/Oct/2021:23:38:29 +0000] "GET /api/v1/users?page=2&limit=3 HTTP/1.1" 200 319 "-" "PostmanRuntime/7.28.4"
::1 - - [28/Oct/2021:23:38:35 +0000] "GET /api/v1/users?page=2&limit=3 HTTP/1.1" 200 319 "-" "PostmanRuntime/7.28.4"
::1 - - [28/Oct/2021:23:38:48 +0000] "GET /api/v1/users?page=2&limit=3 HTTP/1.1" 200 319 "-" "PostmanRuntime/7.28.4"
::1 - - [28/Oct/2021:23:39:23 +0000] "GET /api/v1/users?page=2&limit=3 HTTP/1.1" 200 329 "-" "PostmanRuntime/7.28.4"
::1 - - [28/Oct/2021:23:39:58 +0000] "GET /api/v1/users?limit=3 HTTP/1.1" 200 587 "-" "PostmanRuntime/7.28.4"
::1 - - [28/Oct/2021:23:40:15 +0000] "GET /api/v1/users?page=2&limit=3 HTTP/1.1" 200 329 "-" "PostmanRuntime/7.28.4"
::1 - - [28/Oct/2021:23:41:13 +0000] "GET /api/v1/users?page=2 HTTP/1.1" 200 182 "-" "PostmanRuntime/7.28.4"
::1 - - [28/Oct/2021:23:43:11 +0000] "GET /api/v1/users?page=2 HTTP/1.1" 500 72 "-" "PostmanRuntime/7.28.4"
::1 - - [28/Oct/2021:23:43:37 +0000] "GET /api/v1/users?page=2 HTTP/1.1" 500 72 "-" "PostmanRuntime/7.28.4"
::1 - - [28/Oct/2021:23:44:02 +0000] "GET /api/v1/users?page=2 HTTP/1.1" 200 16 "-" "PostmanRuntime/7.28.4"
::1 - - [28/Oct/2021:23:44:29 +0000] "GET /api/v1/users?page=2 HTTP/1.1" 200 16 "-" "PostmanRuntime/7.28.4"
::1 - - [28/Oct/2021:23:47:39 +0000] "GET /api/v1/users?page=2 HTTP/1.1" 200 16 "-" "PostmanRuntime/7.28.4"
::1 - - [28/Oct/2021:23:48:39 +0000] "GET /api/v1/users?page=2 HTTP/1.1" 200 16 "-" "PostmanRuntime/7.28.4"
::1 - - [28/Oct/2021:23:49:03 +0000] "GET /api/v1/users?page=2 HTTP/1.1" 200 16 "-" "PostmanRuntime/7.28.4"
::1 - - [28/Oct/2021:23:49:34 +0000] "GET /api/v1/users?page=2 HTTP/1.1" 200 346 "-" "PostmanRuntime/7.28.4"
::1 - - [28/Oct/2021:23:49:48 +0000] "GET /api/v1/users?page=2 HTTP/1.1" 200 631 "-" "PostmanRuntime/7.28.4"
::1 - - [28/Oct/2021:23:50:57 +0000] "GET /api/v1/users?page=2 HTTP/1.1" 500 72 "-" "PostmanRuntime/7.28.4"
::1 - - [28/Oct/2021:23:51:09 +0000] "GET /api/v1/users?page=2 HTTP/1.1" 200 16 "-" "PostmanRuntime/7.28.4"
::1 - - [28/Oct/2021:23:51:41 +0000] "GET /api/v1/users?page=2 HTTP/1.1" 200 631 "-" "PostmanRuntime/7.28.4"
::1 - - [28/Oct/2021:23:52:20 +0000] "GET /api/v1/users?page=2 HTTP/1.1" 200 16 "-" "PostmanRuntime/7.28.4"
::1 - - [28/Oct/2021:23:53:10 +0000] "GET /api/v1/users?page=2 HTTP/1.1" 200 467 "-" "PostmanRuntime/7.28.4"
::1 - - [28/Oct/2021:23:53:23 +0000] "GET /api/v1/users?page=2 HTTP/1.1" 200 477 "-" "PostmanRuntime/7.28.4"
::1 - - [29/Oct/2021:02:27:09 +0000] "GET /api/v1/users?page=2 HTTP/1.1" 200 477 "-" "PostmanRuntime/7.28.4"
::1 - - [29/Oct/2021:02:27:30 +0000] "GET /api/v1/users?page=2&limit=3&name=root HTTP/1.1" 200 180 "-" "PostmanRuntime/7.28.4"
::1 - - [29/Oct/2021:02:27:36 +0000] "GET /api/v1/users?name=root HTTP/1.1" 200 283 "-" "PostmanRuntime/7.28.4"
::1 - - [29/Oct/2021:02:27:41 +0000] "GET /api/v1/users?name=ilham HTTP/1.1" 200 476 "-" "PostmanRuntime/7.28.4"
::1 - - [29/Oct/2021:02:29:16 +0000] "GET /api/v1/users?role=ilham HTTP/1.1" 200 428 "-" "PostmanRuntime/7.28.4"
::1 - - [29/Oct/2021:02:29:44 +0000] "GET /api/v1/users?role=user&active=false HTTP/1.1" 200 428 "-" "PostmanRuntime/7.28.4"
::1 - - [29/Oct/2021:02:30:50 +0000] "GET /api/v1/users?role=user&active=false HTTP/1.1" 200 428 "-" "PostmanRuntime/7.28.4"
::1 - - [29/Oct/2021:02:30:55 +0000] "GET /api/v1/users HTTP/1.1" 200 428 "-" "PostmanRuntime/7.28.4"
::1 - - [29/Oct/2021:02:32:37 +0000] "GET /api/v1/users?role=user&active=false HTTP/1.1" 500 87 "-" "PostmanRuntime/7.28.4"
::1 - - [29/Oct/2021:02:34:52 +0000] "GET /api/v1/users?role=user&active=false HTTP/1.1" 200 428 "-" "PostmanRuntime/7.28.4"
::1 - - [29/Oct/2021:02:35:42 +0000] "GET /api/v1/users?role=user&active=false HTTP/1.1" 500 62 "-" "PostmanRuntime/7.28.4"
::1 - - [29/Oct/2021:02:37:16 +0000] "GET /api/v1/users?role=user&active=false HTTP/1.1" 200 428 "-" "PostmanRuntime/7.28.4"
::1 - - [29/Oct/2021:02:38:27 +0000] "GET /api/v1/users?role=user&active=false HTTP/1.1" 500 51 "-" "PostmanRuntime/7.28.4"
::1 - - [29/Oct/2021:02:38:39 +0000] "GET /api/v1/users?role=user&active=false HTTP/1.1" 200 428 "-" "PostmanRuntime/7.28.4"
::1 - - [29/Oct/2021:02:39:15 +0000] "GET /api/v1/users?role=user&active=false HTTP/1.1" 200 428 "-" "PostmanRuntime/7.28.4"
::1 - - [29/Oct/2021:02:40:17 +0000] "GET /api/v1/users?role=user&active=false HTTP/1.1" 200 428 "-" "PostmanRuntime/7.28.4"
::1 - - [29/Oct/2021:02:40:52 +0000] "GET /api/v1/users?role=user&active=false HTTP/1.1" 200 428 "-" "PostmanRuntime/7.28.4"
::1 - - [29/Oct/2021:02:45:33 +0000] "GET /api/v1/users?role=user&active=false HTTP/1.1" 500 92 "-" "PostmanRuntime/7.28.4"
::1 - - [29/Oct/2021:02:46:25 +0000] "GET /api/v1/users?role=user&active=false HTTP/1.1" 500 70 "-" "PostmanRuntime/7.28.4"
::1 - - [29/Oct/2021:02:47:14 +0000] "GET /api/v1/users?role=user&active=false HTTP/1.1" 200 428 "-" "PostmanRuntime/7.28.4"
::1 - - [29/Oct/2021:02:48:13 +0000] "GET /api/v1/users?role=user&active=false HTTP/1.1" 500 71 "-" "PostmanRuntime/7.28.4"
::1 - - [29/Oct/2021:02:48:42 +0000] "GET /api/v1/users?role=user&active=false HTTP/1.1" 500 71 "-" "PostmanRuntime/7.28.4"
::1 - - [29/Oct/2021:02:50:30 +0000] "GET /api/v1/users?role=user&active=false HTTP/1.1" 500 70 "-" "PostmanRuntime/7.28.4"
::1 - - [29/Oct/2021:02:50:47 +0000] "GET /api/v1/users?role=user&active=false HTTP/1.1" 500 71 "-" "PostmanRuntime/7.28.4"
::1 - - [29/Oct/2021:02:59:13 +0000] "GET /api/v1/users?role=user&active=false HTTP/1.1" 200 428 "-" "PostmanRuntime/7.28.4"
::1 - - [29/Oct/2021:02:59:43 +0000] "GET /api/v1/users?role=user&active=false HTTP/1.1" 500 71 "-" "PostmanRuntime/7.28.4"
::1 - - [29/Oct/2021:02:59:49 +0000] "GET /api/v1/users?role=user&active=false HTTP/1.1" 200 428 "-" "PostmanRuntime/7.28.4"
::1 - - [29/Oct/2021:03:00:15 +0000] "GET /api/v1/users?role=user&active=false HTTP/1.1" 500 120 "-" "PostmanRuntime/7.28.4"
::1 - - [29/Oct/2021:03:00:49 +0000] "GET /api/v1/users?role=user&active=false HTTP/1.1" 500 55 "-" "PostmanRuntime/7.28.4"
::1 - - [29/Oct/2021:03:01:03 +0000] "GET /api/v1/users?role=user&active=false HTTP/1.1" 500 120 "-" "PostmanRuntime/7.28.4"
::1 - - [29/Oct/2021:03:02:42 +0000] "GET /api/v1/users?role=user&active=false HTTP/1.1" 500 121 "-" "PostmanRuntime/7.28.4"
::1 - - [29/Oct/2021:03:03:13 +0000] "GET /api/v1/users?role=user&active=false HTTP/1.1" 200 428 "-" "PostmanRuntime/7.28.4"
::1 - - [29/Oct/2021:03:04:33 +0000] "GET /api/v1/users?role=user&active=false HTTP/1.1" 200 428 "-" "PostmanRuntime/7.28.4"
::1 - - [29/Oct/2021:03:05:03 +0000] "GET /api/v1/users?role=user&active=false HTTP/1.1" 500 120 "-" "PostmanRuntime/7.28.4"
::1 - - [29/Oct/2021:03:05:45 +0000] "GET /api/v1/users?role=user&active=false HTTP/1.1" 200 476 "-" "PostmanRuntime/7.28.4"
::1 - - [29/Oct/2021:03:07:13 +0000] "GET /api/v1/users?page=2&role=user&active=false HTTP/1.1" 200 329 "-" "PostmanRuntime/7.28.4"
::1 - - [29/Oct/2021:03:07:20 +0000] "GET /api/v1/users?role=user&active=false HTTP/1.1" 200 476 "-" "PostmanRuntime/7.28.4"
::1 - - [29/Oct/2021:03:08:24 +0000] "GET /api/v1/users?role=user&active=false HTTP/1.1" 500 120 "-" "PostmanRuntime/7.28.4"
::1 - - [29/Oct/2021:03:08:52 +0000] "GET /api/v1/users?role=user&active=false HTTP/1.1" 500 120 "-" "PostmanRuntime/7.28.4"
::1 - - [29/Oct/2021:03:12:26 +0000] "GET /api/v1/users?role=user&active=false HTTP/1.1" 500 120 "-" "PostmanRuntime/7.28.4"
::1 - - [29/Oct/2021:03:14:01 +0000] "GET /api/v1/users?role=user&active=0 HTTP/1.1" 500 120 "-" "PostmanRuntime/7.28.4"
::1 - - [29/Oct/2021:03:14:53 +0000] "GET /api/v1/users?role=user&active=0 HTTP/1.1" 500 120 "-" "PostmanRuntime/7.28.4"
::1 - - [29/Oct/2021:03:15:16 +0000] "GET /api/v1/users?role=user&active=0 HTTP/1.1" 500 122 "-" "PostmanRuntime/7.28.4"
::1 - - [29/Oct/2021:03:54:27 +0000] "GET /api/v1/users?role=user&active=false HTTP/1.1" 500 126 "-" "PostmanRuntime/7.28.4"
::1 - - [29/Oct/2021:03:56:58 +0000] "GET /api/v1/users?role=user&active=false HTTP/1.1" 500 55 "-" "PostmanRuntime/7.28.4"
::1 - - [29/Oct/2021:03:58:09 +0000] "GET /api/v1/users?role=user&active=false HTTP/1.1" 500 137 "-" "PostmanRuntime/7.28.4"
::1 - - [29/Oct/2021:03:58:27 +0000] "GET /api/v1/users?role=user&active=false HTTP/1.1" 500 120 "-" "PostmanRuntime/7.28.4"
::1 - - [29/Oct/2021:03:58:43 +0000] "GET /api/v1/users?role=user&active=false HTTP/1.1" 500 120 "-" "PostmanRuntime/7.28.4"
::1 - - [29/Oct/2021:04:00:18 +0000] "GET /api/v1/users?role=user&active=false HTTP/1.1" 500 120 "-" "PostmanRuntime/7.28.4"
::1 - - [29/Oct/2021:04:00:41 +0000] "GET /api/v1/users?role=user&active=false HTTP/1.1" 500 120 "-" "PostmanRuntime/7.28.4"
::1 - - [29/Oct/2021:04:03:27 +0000] "GET /api/v1/users?role=user&active=false HTTP/1.1" 200 184 "-" "PostmanRuntime/7.28.4"
::1 - - [29/Oct/2021:04:03:43 +0000] "GET /api/v1/users?role=user&active=true HTTP/1.1" 200 476 "-" "PostmanRuntime/7.28.4"
::1 - - [29/Oct/2021:04:06:20 +0000] "GET /api/v1/users?page=2&role=user&active=true HTTP/1.1" 200 329 "-" "PostmanRuntime/7.28.4"
::1 - - [29/Oct/2021:04:06:23 +0000] "GET /api/v1/users?limit=3&role=user&active=true HTTP/1.1" 200 630 "-" "PostmanRuntime/7.28.4"
::1 - - [29/Oct/2021:04:08:02 +0000] "GET /api/v1/users?limit=3 HTTP/1.1" 200 576 "-" "PostmanRuntime/7.28.4"
::1 - - [29/Oct/2021:04:13:36 +0000] "GET /api/v1/users?active=false HTTP/1.1" 200 184 "-" "PostmanRuntime/7.28.4"
::1 - - [29/Oct/2021:04:13:52 +0000] "GET /api/v1/users HTTP/1.1" 200 428 "-" "PostmanRuntime/7.28.4"
::1 - - [29/Oct/2021:04:14:21 +0000] "GET /api/v1/users HTTP/1.1" 200 730 "-" "PostmanRuntime/7.28.4"
::1 - - [29/Oct/2021:04:15:16 +0000] "PATCH /api/v1/users/617aaa446ecf507275cab3da HTTP/1.1" 201 174 "-" "PostmanRuntime/7.28.4"
::1 - - [29/Oct/2021:04:15:26 +0000] "GET /api/v1/users HTTP/1.1" 200 731 "-" "PostmanRuntime/7.28.4"
::1 - - [29/Oct/2021:04:15:30 +0000] "GET /api/v1/users?active=false HTTP/1.1" 200 334 "-" "PostmanRuntime/7.28.4"
::1 - - [29/Oct/2021:04:21:59 +0000] "GET /api/v1/users?active=false HTTP/1.1" 500 49 "-" "PostmanRuntime/7.28.4"
::1 - - [29/Oct/2021:04:23:13 +0000] "GET /api/v1/users?active=false HTTP/1.1" 500 50 "-" "PostmanRuntime/7.28.4"
::1 - - [29/Oct/2021:04:25:51 +0000] "GET /api/v1/users?active=false HTTP/1.1" 200 334 "-" "PostmanRuntime/7.28.4"
::1 - - [29/Oct/2021:06:22:02 +0000] "GET /api/v1/users?active=false HTTP/1.1" 200 334 "-" "PostmanRuntime/7.28.4"
